生成启动时间为 2018/3/6 12:15:55。
     1>项目“E:\2017_9\中秋博饼\中秋博饼\中秋博饼.vcxproj”在节点 2 上(Build 个目标)。
     1>ClCompile:
         F:\we\VC\bin\CL.exe /c /ZI /nologo /W3 /WX- /Od /Oy- /D WIN32 /D _DEBUG /D _CONSOLE /D _LIB /D _MBCS /Gm /EHsc /RTC1 /MDd /GS /fp:precise /Zc:wchar_t /Zc:forScope /Fo"Debug\\" /Fd"Debug\vc120.pdb" /Gd /TP /analyze- /errorReport:prompt "中秋博饼.cpp"
         中秋博饼.cpp
     1>e:\2017_9\中秋博饼\中秋博饼\中秋博饼.cpp(37): warning C4244: “参数”: 从“double”转换到“int”，可能丢失数据
     1>e:\2017_9\中秋博饼\中秋博饼\中秋博饼.cpp(38): warning C4244: “参数”: 从“double”转换到“int”，可能丢失数据
     1>e:\2017_9\中秋博饼\中秋博饼\中秋博饼.cpp(39): warning C4244: “参数”: 从“double”转换到“int”，可能丢失数据
     1>e:\2017_9\中秋博饼\中秋博饼\中秋博饼.cpp(40): warning C4244: “参数”: 从“double”转换到“int”，可能丢失数据
     1>e:\2017_9\中秋博饼\中秋博饼\中秋博饼.cpp(46): warning C4996: 'kbhit': The POSIX name for this item is deprecated. Instead, use the ISO C++ conformant name: _kbhit. See online help for details.
                 f:\we\vc\include\conio.h(133) : 参见“kbhit”的声明
     1>e:\2017_9\中秋博饼\中秋博饼\中秋博饼.cpp(49): warning C4244: “参数”: 从“double”转换到“int”，可能丢失数据
     1>e:\2017_9\中秋博饼\中秋博饼\中秋博饼.cpp(50): warning C4244: “参数”: 从“double”转换到“int”，可能丢失数据
     1>e:\2017_9\中秋博饼\中秋博饼\中秋博饼.cpp(94): warning C4244: “参数”: 从“double”转换到“int”，可能丢失数据
     1>e:\2017_9\中秋博饼\中秋博饼\中秋博饼.cpp(95): warning C4244: “参数”: 从“double”转换到“int”，可能丢失数据
     1>e:\2017_9\中秋博饼\中秋博饼\中秋博饼.cpp(96): warning C4244: “参数”: 从“double”转换到“int”，可能丢失数据
     1>e:\2017_9\中秋博饼\中秋博饼\中秋博饼.cpp(99): warning C4244: “参数”: 从“double”转换到“int”，可能丢失数据
     1>e:\2017_9\中秋博饼\中秋博饼\中秋博饼.cpp(101): warning C4244: “参数”: 从“double”转换到“int”，可能丢失数据
     1>e:\2017_9\中秋博饼\中秋博饼\中秋博饼.cpp(103): warning C4244: “参数”: 从“double”转换到“int”，可能丢失数据
     1>e:\2017_9\中秋博饼\中秋博饼\中秋博饼.cpp(104): warning C4244: “参数”: 从“double”转换到“int”，可能丢失数据
     1>e:\2017_9\中秋博饼\中秋博饼\中秋博饼.cpp(105): warning C4244: “参数”: 从“double”转换到“int”，可能丢失数据
     1>e:\2017_9\中秋博饼\中秋博饼\中秋博饼.cpp(106): warning C4244: “参数”: 从“double”转换到“int”，可能丢失数据
     1>e:\2017_9\中秋博饼\中秋博饼\中秋博饼.cpp(107): warning C4244: “参数”: 从“double”转换到“int”，可能丢失数据
     1>e:\2017_9\中秋博饼\中秋博饼\中秋博饼.cpp(108): warning C4244: “参数”: 从“double”转换到“int”，可能丢失数据
     1>e:\2017_9\中秋博饼\中秋博饼\中秋博饼.cpp(132): warning C4996: 'strcpy': This function or variable may be unsafe. Consider using strcpy_s instead. To disable deprecation, use _CRT_SECURE_NO_WARNINGS. See online help for details.
                 f:\we\vc\include\string.h(112) : 参见“strcpy”的声明
     1>e:\2017_9\中秋博饼\中秋博饼\中秋博饼.cpp(133): warning C4996: 'strcat': This function or variable may be unsafe. Consider using strcat_s instead. To disable deprecation, use _CRT_SECURE_NO_WARNINGS. See online help for details.
                 f:\we\vc\include\string.h(118) : 参见“strcat”的声明
     1>e:\2017_9\中秋博饼\中秋博饼\中秋博饼.cpp(135): warning C4996: 'strcat': This function or variable may be unsafe. Consider using strcat_s instead. To disable deprecation, use _CRT_SECURE_NO_WARNINGS. See online help for details.
                 f:\we\vc\include\string.h(118) : 参见“strcat”的声明
     1>e:\2017_9\中秋博饼\中秋博饼\中秋博饼.cpp(136): warning C4996: 'strcat': This function or variable may be unsafe. Consider using strcat_s instead. To disable deprecation, use _CRT_SECURE_NO_WARNINGS. See online help for details.
                 f:\we\vc\include\string.h(118) : 参见“strcat”的声明
     1>e:\2017_9\中秋博饼\中秋博饼\中秋博饼.cpp(139): warning C4996: 'strcpy': This function or variable may be unsafe. Consider using strcpy_s instead. To disable deprecation, use _CRT_SECURE_NO_WARNINGS. See online help for details.
                 f:\we\vc\include\string.h(112) : 参见“strcpy”的声明
     1>e:\2017_9\中秋博饼\中秋博饼\中秋博饼.cpp(144): warning C4996: 'strcpy': This function or variable may be unsafe. Consider using strcpy_s instead. To disable deprecation, use _CRT_SECURE_NO_WARNINGS. See online help for details.
                 f:\we\vc\include\string.h(112) : 参见“strcpy”的声明
     1>e:\2017_9\中秋博饼\中秋博饼\中秋博饼.cpp(221): warning C4996: 'getch': The POSIX name for this item is deprecated. Instead, use the ISO C++ conformant name: _getch. See online help for details.
                 f:\we\vc\include\conio.h(131) : 参见“getch”的声明
     1>e:\2017_9\中秋博饼\中秋博饼\中秋博饼.cpp(284): warning C4996: 'sprintf': This function or variable may be unsafe. Consider using sprintf_s instead. To disable deprecation, use _CRT_SECURE_NO_WARNINGS. See online help for details.
                 f:\we\vc\include\stdio.h(356) : 参见“sprintf”的声明
     1>e:\2017_9\中秋博饼\中秋博饼\中秋博饼.cpp(285): warning C4996: 'strcpy': This function or variable may be unsafe. Consider using strcpy_s instead. To disable deprecation, use _CRT_SECURE_NO_WARNINGS. See online help for details.
                 f:\we\vc\include\string.h(112) : 参见“strcpy”的声明
     1>e:\2017_9\中秋博饼\中秋博饼\中秋博饼.cpp(291): warning C4996: 'sprintf': This function or variable may be unsafe. Consider using sprintf_s instead. To disable deprecation, use _CRT_SECURE_NO_WARNINGS. See online help for details.
                 f:\we\vc\include\stdio.h(356) : 参见“sprintf”的声明
     1>e:\2017_9\中秋博饼\中秋博饼\中秋博饼.cpp(292): warning C4996: 'strcpy': This function or variable may be unsafe. Consider using strcpy_s instead. To disable deprecation, use _CRT_SECURE_NO_WARNINGS. See online help for details.
                 f:\we\vc\include\string.h(112) : 参见“strcpy”的声明
     1>e:\2017_9\中秋博饼\中秋博饼\中秋博饼.cpp(300): warning C4996: 'strcpy': This function or variable may be unsafe. Consider using strcpy_s instead. To disable deprecation, use _CRT_SECURE_NO_WARNINGS. See online help for details.
                 f:\we\vc\include\string.h(112) : 参见“strcpy”的声明
     1>e:\2017_9\中秋博饼\中秋博饼\中秋博饼.cpp(303): warning C4996: 'strcpy': This function or variable may be unsafe. Consider using strcpy_s instead. To disable deprecation, use _CRT_SECURE_NO_WARNINGS. See online help for details.
                 f:\we\vc\include\string.h(112) : 参见“strcpy”的声明
     1>e:\2017_9\中秋博饼\中秋博饼\中秋博饼.cpp(306): warning C4996: 'strcpy': This function or variable may be unsafe. Consider using strcpy_s instead. To disable deprecation, use _CRT_SECURE_NO_WARNINGS. See online help for details.
                 f:\we\vc\include\string.h(112) : 参见“strcpy”的声明
     1>e:\2017_9\中秋博饼\中秋博饼\中秋博饼.cpp(310): warning C4996: 'strcpy': This function or variable may be unsafe. Consider using strcpy_s instead. To disable deprecation, use _CRT_SECURE_NO_WARNINGS. See online help for details.
                 f:\we\vc\include\string.h(112) : 参见“strcpy”的声明
     1>e:\2017_9\中秋博饼\中秋博饼\中秋博饼.cpp(311): warning C4996: 'strcpy': This function or variable may be unsafe. Consider using strcpy_s instead. To disable deprecation, use _CRT_SECURE_NO_WARNINGS. See online help for details.
                 f:\we\vc\include\string.h(112) : 参见“strcpy”的声明
     1>e:\2017_9\中秋博饼\中秋博饼\中秋博饼.cpp(314): warning C4996: 'strcpy': This function or variable may be unsafe. Consider using strcpy_s instead. To disable deprecation, use _CRT_SECURE_NO_WARNINGS. See online help for details.
                 f:\we\vc\include\string.h(112) : 参见“strcpy”的声明
     1>e:\2017_9\中秋博饼\中秋博饼\中秋博饼.cpp(317): warning C4996: 'strcpy': This function or variable may be unsafe. Consider using strcpy_s instead. To disable deprecation, use _CRT_SECURE_NO_WARNINGS. See online help for details.
                 f:\we\vc\include\string.h(112) : 参见“strcpy”的声明
     1>e:\2017_9\中秋博饼\中秋博饼\中秋博饼.cpp(322): warning C4996: 'strcpy': This function or variable may be unsafe. Consider using strcpy_s instead. To disable deprecation, use _CRT_SECURE_NO_WARNINGS. See online help for details.
                 f:\we\vc\include\string.h(112) : 参见“strcpy”的声明
     1>e:\2017_9\中秋博饼\中秋博饼\中秋博饼.cpp(324): warning C4996: 'strcpy': This function or variable may be unsafe. Consider using strcpy_s instead. To disable deprecation, use _CRT_SECURE_NO_WARNINGS. See online help for details.
                 f:\we\vc\include\string.h(112) : 参见“strcpy”的声明
     1>e:\2017_9\中秋博饼\中秋博饼\中秋博饼.cpp(334): warning C4101: “g”: 未引用的局部变量
       Link:
         F:\we\VC\bin\link.exe /ERRORREPORT:PROMPT /OUT:"E:\2017_9\中秋博饼\Debug\中秋博饼.exe" /INCREMENTAL /NOLOGO kernel32.lib user32.lib gdi32.lib winspool.lib comdlg32.lib advapi32.lib shell32.lib ole32.lib oleaut32.lib uuid.lib odbc32.lib odbccp32.lib /MANIFEST /MANIFESTUAC:"level='asInvoker' uiAccess='false'" /manifest:embed /DEBUG /PDB:"E:\2017_9\中秋博饼\Debug\中秋博饼.pdb" /SUBSYSTEM:CONSOLE /TLBID:1 /DYNAMICBASE /NXCOMPAT /IMPLIB:"E:\2017_9\中秋博饼\Debug\中秋博饼.lib" /MACHINE:X86 "Debug\中秋博饼.res"
         "Debug\中秋博饼.obj"
         中秋博饼.vcxproj -> E:\2017_9\中秋博饼\Debug\中秋博饼.exe
     1>已完成生成项目“E:\2017_9\中秋博饼\中秋博饼\中秋博饼.vcxproj”(Build 个目标)的操作。

生成成功。

已用时间 00:00:01.10
